{
  "RSpec": {
    "coverage": {
      "/Users/maciejwicher/ruby_app/lib/log_parser.rb": {
        "lines": [
          null,
          null,
          1,
          1,
          1,
          null,
          1,
          1,
          4,
          4,
          null,
          null,
          1,
          2,
          5,
          null,
          1,
          10,
          10,
          null,
          1,
          null,
          null,
          1,
          null,
          1,
          null,
          1,
          2,
          null,
          null
        ]
      },
      "/Users/maciejwicher/ruby_app/lib/missing_file_error.rb": {
        "lines": [
          null,
          null,
          1,
          1,
          1,
          null,
          null
        ]
      },
      "/Users/maciejwicher/ruby_app/lib/sort_results.rb": {
        "lines": [
          null,
          null,
          1,
          1,
          null,
          1,
          11,
          null,
          null,
          1,
          11,
          null,
          null,
          1,
          null,
          1,
          6,
          14,
          null,
          null,
          null
        ]
      },
      "/Users/maciejwicher/ruby_app/lib/print_results.rb": {
        "lines": [
          null,
          null,
          1,
          1,
          null,
          1,
          1,
          null,
          1,
          4,
          4,
          null,
          null,
          1,
          3,
          3,
          3,
          3,
          3,
          3,
          null,
          null,
          1,
          null,
          1,
          null,
          1,
          4,
          4,
          4,
          4,
          12,
          null,
          null,
          null
        ]
      },
      "/Users/maciejwicher/ruby_app/spec/lib/log_parser_spec.rb": {
        "lines": [
          null,
          null,
          1,
          null,
          1,
          5,
          4,
          null,
          1,
          1,
          1,
          1,
          null,
          null,
          1,
          1,
          1,
          null,
          null,
          null,
          1,
          1,
          1,
          null,
          1,
          null,
          null,
          null,
          null,
          null,
          null,
          null,
          null,
          null,
          null,
          null,
          null,
          null,
          null,
          null,
          null,
          null,
          null,
          1,
          1,
          null,
          null,
          null,
          1,
          2,
          null,
          1,
          2,
          null,
          null,
          null,
          null
        ]
      },
      "/Users/maciejwicher/ruby_app/spec/lib/print_result_spec.rb": {
        "lines": [
          null,
          null,
          1,
          null,
          1,
          5,
          null,
          3,
          1,
          1,
          null,
          null,
          null,
          null,
          null,
          1,
          1,
          null,
          null,
          null,
          null,
          null,
          null,
          1,
          1,
          1,
          null,
          null,
          null,
          1,
          1,
          2,
          null,
          null,
          null,
          null,
          null,
          null,
          null,
          1,
          1,
          1,
          1,
          null,
          null,
          null,
          1,
          1,
          1,
          1,
          null,
          null,
          null,
          null,
          1,
          1,
          1,
          null,
          null,
          1,
          1,
          null,
          null,
          null,
          null,
          1,
          1,
          null,
          null,
          null
        ]
      },
      "/Users/maciejwicher/ruby_app/spec/lib/sort_result_spec.rb": {
        "lines": [
          null,
          null,
          1,
          null,
          1,
          1,
          1,
          null,
          null
        ]
      }
    },
    "timestamp": 1607037683
  }
}
